[ 2013-10-21T21:29:46+08:00 ] 127.0.0.1 /public_benefit/
INFO: [ app_begin ] --START--
INFO: ReadHtmlCache Behavior ::run [ RunTime:0.001870s ]
INFO: [ app_begin ] --END-- [ RunTime:0.001945s ]
INFO: [ view_parse ] --START--
INFO: ParseTemplate Behavior ::run [ RunTime:0.013652s ]
INFO: [ view_parse ] --END-- [ RunTime:0.013735s ]
INFO: [ view_filter ] --START--
NOTIC: [8] Use of undefined constant APP_TMPL_PATH - assumed 'APP_TMPL_PATH' E:\Web\website\public_benefit\ThinkPHP\Lib\Behavior\ContentReplaceBehavior.class.php 第 40 行.
NOTIC: [8] Use of undefined constant APP_TMPL_PATH - assumed 'APP_TMPL_PATH' E:\Web\website\public_benefit\ThinkPHP\Lib\Behavior\ContentReplaceBehavior.class.php 第 47 行.
INFO: ContentReplace Behavior ::run [ RunTime:0.001721s ]
INFO: TokenBuild Behavior ::run [ RunTime:0.001496s ]
INFO: WriteHtmlCache Behavior ::run [ RunTime:0.001425s ]
INFO: ShowRuntime Behavior ::run [ RunTime:0.001625s ]
INFO: [ view_filter ] --END-- [ RunTime:0.006427s ]
INFO: [ view_end ] --START--
INFO: ShowPageTrace Behavior ::run [ RunTime:0.009088s ]
INFO: [ view_end ] --END-- [ RunTime:0.009157s ]

[ 2013-10-21T21:42:32+08:00 ] 127.0.0.1 /public_benefit/
ERR: 无法加载模块:Index

